<?xml version="1.0" encoding="UTF-8"?>
<!-- Generated by org.testng.reporters.JUnitReportReporter -->
<testsuite skipped="0" hostname="DESKTOP-T68S7MQ" name="com.training.sanity.tests.AddCartTest" tests="1" failures="0" timestamp="18 Jun 2019 07:30:29 GMT" time="26.484" errors="0">
  <testcase name="validChangePass" time="26.484" classname="com.training.sanity.tests.AddCartTest"/>
</testsuite> <!-- com.training.sanity.tests.AddCartTest -->
