<?xml version="1.0" encoding="UTF-8"?>
<!-- Generated by org.testng.reporters.JUnitReportReporter -->
<testsuite skipped="0" hostname="DESKTOP-T68S7MQ" name="com.training.sanity.tests.ChangePassTest" tests="1" failures="0" timestamp="18 Jun 2019 08:05:45 GMT" time="18.438" errors="0">
  <testcase name="validChangePass" time="18.438" classname="com.training.sanity.tests.ChangePassTest"/>
</testsuite> <!-- com.training.sanity.tests.ChangePassTest -->
