<?xml version="1.0" encoding="UTF-8"?>
<!-- Generated by org.testng.reporters.JUnitReportReporter -->
<testsuite skipped="0" hostname="DESKTOP-T68S7MQ" name="com.training.sanity.tests.RemoveCartTest" tests="1" failures="0" timestamp="18 Jun 2019 07:46:39 GMT" time="24.805" errors="0">
  <testcase name="validChangePass" time="24.805" classname="com.training.sanity.tests.RemoveCartTest"/>
</testsuite> <!-- com.training.sanity.tests.RemoveCartTest -->
