<?xml version="1.0" encoding="UTF-8"?>
<!-- Generated by org.testng.reporters.JUnitReportReporter -->
<testsuite skipped="0" hostname="DESKTOP-T68S7MQ" name="com.training.sanity.tests.RegisterTest" tests="1" failures="0" timestamp="17 Jun 2019 07:08:42 GMT" time="20.009" errors="0">
  <testcase name="validLoginTest" time="20.009" classname="com.training.sanity.tests.RegisterTest"/>
</testsuite> <!-- com.training.sanity.tests.RegisterTest -->
